<?xml version="1.0" encoding="UTF-8"?>
<!-- Generated by org.testng.reporters.JUnitXMLReporter -->
<testsuite hostname="DESKTOP-VE108RU" ignored="0" name="Group 4" tests="2" failures="2" timestamp="2022-09-24T18:13:02 ICT" time="59.669" errors="0">
  <testcase name="testFooterCategoryPage" time="36.662" classname="test.global.footer.FooterTest">
    <failure type="java.lang.AssertionError" message="Demo taking screenshot when test is failed!">
      <![CDATA[java.lang.AssertionError: Demo taking screenshot when test is failed!
at test.global.footer.FooterTest.testFooterCategoryPage(FooterTest.java:16)
at java.util.ArrayList.forEach(Unknown Source)
at java.util.concurrent.FutureTask.run(Unknown Source)
at java.util.concurrent.ThreadPoolExecutor.runWorker(Unknown Source)
at java.util.concurrent.ThreadPoolExecutor$Worker.run(Unknown Source)
at java.lang.Thread.run(Unknown Source)
... Removed 19 stack frames]]>
    </failure>
  </testcase> <!-- testFooterCategoryPage -->
  <testcase name="testFooterHomePage" time="20.149" classname="test.global.footer.FooterTest">
    <failure type="java.lang.AssertionError" message="[ERR] Actual and expected hyperlinks are different: Lists differ at element [0]: http://demowebshop.tricentis.com/sitemap != https://demowebshop.tricentis.com/sitemap expected [http://demowebshop.tricentis.com/sitemap] but found [https://demowebshop.tricentis.com/sitemap]">
      <![CDATA[java.lang.AssertionError: [ERR] Actual and expected hyperlinks are different: Lists differ at element [0]: http://demowebshop.tricentis.com/sitemap != https://demowebshop.tricentis.com/sitemap expected [http://demowebshop.tricentis.com/sitemap] but found [https://demowebshop.tricentis.com/sitemap]
at test_flows.global.FooterTestFlow.verifyFooterColumn(FooterTestFlow.java:131)
at test_flows.global.FooterTestFlow.verifyInformationColumn(FooterTestFlow.java:51)
at test_flows.global.FooterTestFlow.verifyFooterComponent(FooterTestFlow.java:36)
at test_flows.global.FooterTestFlow.verifyProductCatFooterComponent(FooterTestFlow.java:109)
at test.global.footer.FooterTest.testFooterHomePage(FooterTest.java:26)
at java.util.ArrayList.forEach(Unknown Source)
at java.util.concurrent.FutureTask.run(Unknown Source)
at java.util.concurrent.ThreadPoolExecutor.runWorker(Unknown Source)
at java.util.concurrent.ThreadPoolExecutor$Worker.run(Unknown Source)
at java.lang.Thread.run(Unknown Source)
... Removed 22 stack frames]]>
    </failure>
  </testcase> <!-- testFooterHomePage -->
</testsuite> <!-- Group 4 -->
