<?xml version="1.0" encoding="UTF-8"?>
<!-- Generated by org.testng.reporters.JUnitXMLReporter -->
<testsuite hostname="DESKTOP-VE108RU" ignored="0" name="Group 1" tests="3" failures="0" timestamp="2022-09-24T18:14:31 ICT" time="149.486" errors="0">
  <testcase name="testCheapComputerBuying" time="91.874" classname="test.computer.BuyingCheapComputerTest"/>
  <testcase name="testCheapComputerBuying" time="28.759" classname="test.computer.BuyingCheapComputerTest"/>
  <testcase name="testCheapComputerBuying" time="27.793" classname="test.computer.BuyingCheapComputerTest"/>
</testsuite> <!-- Group 1 -->
