<?xml version="1.0" encoding="UTF-8"?>
<!-- Generated by org.testng.reporters.JUnitXMLReporter -->
<testsuite hostname="DESKTOP-VE108RU" ignored="0" name="Group 2" tests="3" failures="0" timestamp="2022-09-24T18:14:29 ICT" time="146.72" errors="0">
  <testcase name="testStandardComputerBuying" time="89.425" classname="test.computer.BuyingStandardComputerTest"/>
  <testcase name="testStandardComputerBuying" time="28.418" classname="test.computer.BuyingStandardComputerTest"/>
  <testcase name="testStandardComputerBuying" time="27.852" classname="test.computer.BuyingStandardComputerTest"/>
</testsuite> <!-- Group 2 -->
